<?xml version="1.0" encoding="UTF-8"?>
<!-- Generated by org.testng.reporters.JUnitReportReporter -->
<testsuite hostname="DELL" name="com.qa.dlp.SeleniumProject.LoginTest" tests="2" failures="0" timestamp="9 Jan 2022 16:01:44 GMT" time="31.251" errors="0">
  <testcase name="Electronics" time="12.643" classname="com.qa.dlp.SeleniumProject.LoginTest"/>
  <testcase name="AccountDetails" time="18.608" classname="com.qa.dlp.SeleniumProject.LoginTest"/>
</testsuite> <!-- com.qa.dlp.SeleniumProject.LoginTest -->
