<?xml version="1.0" encoding="UTF-8"?>
<!-- Generated by org.testng.reporters.JUnitReportReporter -->
<testsuite hostname="DELL" name="com.qa.dlp.SeleniumProject.HomePageTest" tests="2" failures="0" timestamp="9 Jan 2022 16:01:44 GMT" time="0.004" errors="0">
  <testcase name="Remove" time="0.002" classname="com.qa.dlp.SeleniumProject.HomePageTest"/>
  <testcase name="Add" time="0.002" classname="com.qa.dlp.SeleniumProject.HomePageTest"/>
</testsuite> <!-- com.qa.dlp.SeleniumProject.HomePageTest -->
