<?xml version="1.0" encoding="UTF-8"?>
<!-- Generated by org.testng.reporters.JUnitReportReporter -->
<testsuite hostname="DELL" name="com.qa.auto.Flipkart.LoginTest" tests="1" failures="0" timestamp="28 Nov 2021 06:16:26 GMT" time="4.839" errors="0">
  <testcase name="login" time="4.839" classname="com.qa.auto.Flipkart.LoginTest"/>
</testsuite> <!-- com.qa.auto.Flipkart.LoginTest -->
