<?xml version="1.0" encoding="UTF-8"?>
<!-- Generated by org.testng.reporters.JUnitReportReporter -->
<testsuite hostname="VB" name="com.qa.am.Amazon.LoginTest" tests="1" failures="0" timestamp="20 Jun 2021 04:43:54 GMT" time="24.421" errors="0">
  <testcase name="CorrectUser" time="24.421" classname="com.qa.am.Amazon.LoginTest"/>
</testsuite> <!-- com.qa.am.Amazon.LoginTest -->
